<?xml version="1.0" encoding="UTF-8"?>
<testng-results ignored="0" total="1" passed="1" failed="0" skipped="0">
  <reporter-output>
  </reporter-output>
  <suite started-at="2023-08-26T12:02:33 BDT" name="Default suite" finished-at="2023-08-26T12:02:57 BDT" duration-ms="23342">
    <groups>
    </groups>
    <test started-at="2023-08-26T12:02:33 BDT" name="Default test" finished-at="2023-08-26T12:02:57 BDT" duration-ms="23342">
      <class name="GoogleData_Search.readWrightExcel.DataSearch">
        <test-method signature="FirstSearch()[pri:0, instance:GoogleData_Search.readWrightExcel.DataSearch@595b007d]" started-at="2023-08-26T12:02:33 BDT" name="FirstSearch" finished-at="2023-08-26T12:02:57 BDT" duration-ms="23298" status="PASS">
          <reporter-output>
          </reporter-output>
        </test-method> <!-- FirstSearch -->
      </class> <!-- GoogleData_Search.readWrightExcel.DataSearch -->
    </test> <!-- Default test -->
  </suite> <!-- Default suite -->
</testng-results>
